<?xml version="1.0" encoding="UTF-8"?>
<!-- Generated by org.testng.reporters.JUnitXMLReporter -->
<testsuite ignored="0" hostname="DESKTOP-EFFE0O5" failures="0" tests="4" name="Test1" time="83.864" errors="0" timestamp="2025-12-24T18:08:01 IST">
  <testcase classname="com.crm.comcast.organization.CreateOrgTest" name="CreateOrgTest" time="32.714"/>
  <testcase classname="com.crm.comcast.organization.CreateOrgTest" name="createOrgWithPhoneNumber" time="8.848"/>
  <testcase classname="com.crm.comcast.organization.CreateOrgTest" name="createOrgWithType" time="6.716"/>
  <testcase classname="com.crm.comcast.organization.CreateOrgTest" name="deleteOrgTest" time="8.379"/>
</testsuite> <!-- Test1 -->
