<?xml version="1.0" encoding="UTF-8"?>
<!-- Generated by org.testng.reporters.JUnitXMLReporter -->
<testsuite ignored="2" hostname="DESKTOP-EFFE0O5" failures="0" tests="7" name="TestRunner-Chrome" time="141.066" errors="0" timestamp="2025-12-24T18:24:54 IST">
  <testcase classname="com.crm.comcast.contact.CreateContactTest" name="CreateContactWithOrgTest" time="28.685"/>
  <testcase classname="com.crm.comcast.contact.CreateContactTest" name="CreateContactWithSupportDate" time="21.138"/>
  <testcase classname="com.crm.comcast.contact.CreateContactTest" name="createContactTest" time="9.534"/>
  <testcase classname="com.crm.comcast.organization.CreateOrgTest" name="CreateOrgTest" time="6.704"/>
  <testcase classname="com.crm.comcast.organization.CreateOrgTest" name="createOrgWithPhoneNumber" time="5.932"/>
  <testcase classname="com.crm.comcast.organization.CreateOrgTest" name="createOrgWithType" time="13.42"/>
  <testcase classname="com.crm.comcast.organization.CreateOrgTest" name="deleteOrgTest" time="9.641"/>
  <testcase classname="com.crm.comcast.baseutility.BaseClass" name="@BeforeSuite configBS" time="0.0">
    <ignored/>
  </testcase> <!-- @BeforeSuite configBS -->
  <testcase classname="com.crm.comcast.baseutility.BaseClass" name="@AfterSuite configAS" time="0.0">
    <ignored/>
  </testcase> <!-- @AfterSuite configAS -->
</testsuite> <!-- TestRunner-Chrome -->
