<?xml version="1.0" encoding="UTF-8"?>
<!-- Generated by org.testng.reporters.JUnitXMLReporter -->
<testsuite ignored="2" hostname="DESKTOP-EFFE0O5" failures="0" tests="1" name="Test" time="17.502" errors="0" timestamp="2025-12-29T16:27:42 IST">
  <testcase classname="com.crm.comcast.contact.CreateContactTest" name="createContactTest" time="8.19"/>
  <testcase classname="com.crm.comcast.contact.CreateContactTest" name="CreateContactWithSupportDate" time="0.0">
    <ignored/>
  </testcase> <!-- CreateContactWithSupportDate -->
  <testcase classname="com.crm.comcast.contact.CreateContactTest" name="CreateContactWithOrgTest" time="0.0">
    <ignored/>
  </testcase> <!-- CreateContactWithOrgTest -->
</testsuite> <!-- Test -->
