<?xml version="1.0" encoding="UTF-8"?>
<!-- Generated by org.testng.reporters.JUnitXMLReporter -->
<testsuite ignored="0" hostname="DESKTOP-EFFE0O5" failures="0" tests="3" name="Test2" time="64.687" errors="0" timestamp="2025-12-24T18:07:42 IST">
  <testcase classname="com.crm.comcast.contact.CreateContactTest" name="CreateContactWithOrgTest" time="19.349"/>
  <testcase classname="com.crm.comcast.contact.CreateContactTest" name="CreateContactWithSupportDate" time="8.448"/>
  <testcase classname="com.crm.comcast.contact.CreateContactTest" name="createContactTest" time="11.439"/>
</testsuite> <!-- Test2 -->
