<?xml version="1.0" encoding="UTF-8"?>
<!-- Generated by org.testng.reporters.JUnitReportReporter -->
<testsuite hostname="DESKTOP-EFFE0O5" failures="0" tests="2" name="practice.test.GetProductInfoInAmazonTest" time="31.560" errors="0" timestamp="2025-12-23T15:25:12 IST" skipped="0">
  <testcase classname="practice.test.GetProductInfoInAmazonTest" name="getProductInfoTest" time="16.259"/>
  <testcase classname="practice.test.GetProductInfoInAmazonTest" name="getProductInfoTest" time="15.301"/>
</testsuite> <!-- practice.test.GetProductInfoInAmazonTest -->
