<?xml version="1.0" encoding="UTF-8"?>
<!-- Generated by org.testng.reporters.JUnitReportReporter -->
<testsuite hostname="DESKTOP-EFFE0O5" failures="0" tests="4" name="com.crm.comcast.organization.CreateOrgTest" time="65.289" errors="0" timestamp="2025-12-26T14:35:54 IST" skipped="0">
  <testcase classname="com.crm.comcast.organization.CreateOrgTest" name="createOrgWithPhoneNumber" time="10.249"/>
  <testcase classname="com.crm.comcast.organization.CreateOrgTest" name="deleteOrgTest" time="25.288"/>
  <testcase classname="com.crm.comcast.organization.CreateOrgTest" name="CreateOrgTest" time="15.489"/>
  <testcase classname="com.crm.comcast.organization.CreateOrgTest" name="createOrgWithType" time="14.263"/>
</testsuite> <!-- com.crm.comcast.organization.CreateOrgTest -->
